<beans xmlns="http://www.springframework.org/schema/beans"
       xmlns:context="http://www.springframework.org/schema/context"
       xmlns:xsi="http://www.w3.org/2001/XMLSchema-instance"
       xmlns:p="http://www.springframework.org/schema/p"
       xsi:schemaLocation="
        http://www.springframework.org/schema/beans
        http://www.springframework.org/schema/beans/spring-beans.xsd
        http://www.springframework.org/schema/context
        http://www.springframework.org/schema/context/spring-context.xsd">


    <context:component-scan base-package="com.heylichen"/>
    <bean class="org.springframework.beans.factory.config.PropertyPlaceholderConfigurer">
        <property name="location">
            <value>app.properties</value>
        </property>
    </bean>
    <bean id="jedis" class="redis.clients.jedis.Jedis">
        <constructor-arg name="host" value="${redis.server}"/>
        <constructor-arg name="port" value="${redis.port}"/>
    </bean>
    <bean id="jedisConnFactory"
          class="org.springframework.data.redis.connection.jedis.JedisConnectionFactory"
          p:usePool="true" p:hostName="${redis.server}" p:port="${redis.port}"/>

    <bean id="stringRedisSerializer"
            class="org.springframework.data.redis.serializer.StringRedisSerializer" >
    </bean>

    <bean id="jsonRedisSerializer"
          class="com.heylichen.commons.redis.serializer.FastJsonRedisSerializer" >
        <constructor-arg index="0" value="java.lang.Object"/>
    </bean>
    <bean id="jackson2JsonRedisSerializer"
          class="org.springframework.data.redis.serializer.Jackson2JsonRedisSerializer" >
        <constructor-arg index="0" value="java.lang.Object"/>
    </bean>

    <!-- redis template definition -->
    <bean id="redisTemplate"
          class="org.springframework.data.redis.core.RedisTemplate"
          p:connectionFactory-ref="jedisConnFactory"
          p:keySerializer-ref="stringRedisSerializer"
          p:valueSerializer-ref="stringRedisSerializer"
          p:hashKeySerializer-ref="jsonRedisSerializer"
          p:hashValueSerializer-ref="jsonRedisSerializer"
    />
</beans>